<?xml version="1.0" encoding="UTF-8"?>
<testsuite name="lab0.Lab1Test" tests="9" skipped="0" failures="0" errors="0" timestamp="2022-11-14T15:57:18" hostname="DESKTOP-TVLHH8O" time="0.035">
  <properties/>
  <testcase name="customerEqualsTest[0](Customer #1 | Bojenka,20 | Contact person: &#10;Frank | 500.0 | Poshtova, 22 | 0504340601 | true, Customer #1 | Bojenka,20 | Contact person: &#10;Frank | 500.0 | Poshtova, 22 | 0504340601 | true)" classname="lab0.Lab1Test" time="0.011"/>
  <testcase name="customerNotEqualsTest[0](Customer #1 | Bojenka,20 | Contact person: &#10;Frank | 500.0 | Poshtova, 22 | 0504340601 | true, Customer #2 | Nezalezhnosti, 147 | Contact person: &#10;  | 0.0 |   |   | false)" classname="lab0.Lab1Test" time="0.0"/>
  <testcase name="customerToStringTest[0](Customer #1 | Bojenka,20 | Contact person: &#10;Frank | 500.0 | Poshtova, 22 | 0504340601 | true, Customer #1 | Bojenka,20 | Contact person: &#10;Frank | 500.0 | Poshtova, 22 | 0504340601 | true)" classname="lab0.Lab1Test" time="0.001"/>
  <testcase name="employeeEqualsTest[0](Frank | 500.0 | Poshtova, 22 | 0504340601 | true, Frank | 500.0 | Poshtova, 22 | 0504340601 | true)" classname="lab0.Lab1Test" time="0.001"/>
  <testcase name="employeeNotEqualsTest[0](Frank | 500.0 | Poshtova, 22 | 0504340601 | true, Ivan | 1200.5 |   |   | false)" classname="lab0.Lab1Test" time="0.0"/>
  <testcase name="employeeToStringTest[0](Frank | 500.0 | Poshtova, 22 | 0504340601 | true, Frank | 500.0 | Poshtova, 22 | 0504340601 | true)" classname="lab0.Lab1Test" time="0.0"/>
  <testcase name="productEqualsTest[0](Sofa | 1 | Sofa | 50.49 | Living room | Customer:&#10;Customer #1 | Bojenka,20 | Contact person: &#10;Frank | 500.0 | Poshtova, 22 | 0504340601 | true, Sofa | 1 | Sofa | 50.49 | Living room | Customer:&#10;  |   | Contact person: &#10;  | 0.0 |   |   | false)" classname="lab0.Lab1Test" time="0.006"/>
  <testcase name="productNotEqualsTest[0](Sofa | 1 | Sofa | 50.49 | Living room | Customer:&#10;Customer #1 | Bojenka,20 | Contact person: &#10;Frank | 500.0 | Poshtova, 22 | 0504340601 | true, Table | 2 | Table | 200.0 | Kitchen | Customer:&#10;  |   | Contact person: &#10;  | 0.0 |   |   | false)" classname="lab0.Lab1Test" time="0.0"/>
  <testcase name="productToStringTest[0](Sofa | 1 | Sofa | 50.49 | Living room | Customer:&#10;Customer #1 | Bojenka,20 | Contact person: &#10;Frank | 500.0 | Poshtova, 22 | 0504340601 | true, Sofa | 1 | Sofa | 50.49 | Living room | Customer:&#10;Customer #1 | Bojenka,20 | Contact person: &#10;Frank | 500.0 | Poshtova, 22 | 0504340601 | true)" classname="lab0.Lab1Test" time="0.0"/>
  <system-out><![CDATA[]]></system-out>
  <system-err><![CDATA[]]></system-err>
</testsuite>
